<?xml version="1.0" encoding="UTF-8"?>
<robot generator="Robot 6.1.1 (Python 3.12.3 on linux)" generated="20241117 18:38:11.191" rpa="false" schemaversion="4">
<suite id="s1" name="Login" source="/home/matiaspa/hy/ohjelmistotuotanto/palautusrepositorio/viikko3/web-login/src/tests/login.robot">
<kw name="Open And Configure Browser" library="resource" type="SETUP">
<if>
<branch type="IF" condition="$BROWSER == 'chrome'">
<kw name="Evaluate" library="BuiltIn">
<var>${options}</var>
<arg>sys.modules['selenium.webdriver'].ChromeOptions()</arg>
<arg>sys</arg>
<doc>Evaluates the given expression in Python and returns the result.</doc>
<msg timestamp="20241117 18:38:11.292" level="INFO">${options} = &lt;selenium.webdriver.chrome.options.Options object at 0x798c96bc7770&gt;</msg>
<status status="PASS" starttime="20241117 18:38:11.291" endtime="20241117 18:38:11.292"/>
</kw>
<status status="PASS" starttime="20241117 18:38:11.291" endtime="20241117 18:38:11.292"/>
</branch>
<branch type="ELSE IF" condition="$BROWSER == 'firefox'">
<kw name="Evaluate" library="BuiltIn">
<var>${options}</var>
<arg>sys.modules['selenium.webdriver'].FirefoxOptions()</arg>
<arg>sys</arg>
<doc>Evaluates the given expression in Python and returns the result.</doc>
<status status="NOT RUN" starttime="20241117 18:38:11.292" endtime="20241117 18:38:11.292"/>
</kw>
<status status="NOT RUN" starttime="20241117 18:38:11.292" endtime="20241117 18:38:11.292"/>
</branch>
<status status="PASS" starttime="20241117 18:38:11.291" endtime="20241117 18:38:11.292"/>
</if>
<if>
<branch type="IF" condition="$HEADLESS == 'true'">
<kw name="Set Selenium Speed" library="SeleniumLibrary">
<arg>0</arg>
<doc>Sets the delay that is waited after each Selenium command.</doc>
<status status="NOT RUN" starttime="20241117 18:38:11.292" endtime="20241117 18:38:11.292"/>
</kw>
<kw name="Call Method" library="BuiltIn">
<arg>${options}</arg>
<arg>add_argument</arg>
<arg>--headless</arg>
<doc>Calls the named method of the given object with the provided arguments.</doc>
<status status="NOT RUN" starttime="20241117 18:38:11.292" endtime="20241117 18:38:11.292"/>
</kw>
<status status="NOT RUN" starttime="20241117 18:38:11.292" endtime="20241117 18:38:11.292"/>
</branch>
<branch type="ELSE">
<kw name="Set Selenium Speed" library="SeleniumLibrary">
<arg>${DELAY}</arg>
<doc>Sets the delay that is waited after each Selenium command.</doc>
<status status="PASS" starttime="20241117 18:38:11.292" endtime="20241117 18:38:11.292"/>
</kw>
<status status="PASS" starttime="20241117 18:38:11.292" endtime="20241117 18:38:11.292"/>
</branch>
<status status="PASS" starttime="20241117 18:38:11.292" endtime="20241117 18:38:11.292"/>
</if>
<kw name="Open Browser" library="SeleniumLibrary">
<arg>browser=${BROWSER}</arg>
<arg>options=${options}</arg>
<doc>Opens a new browser instance to the optional ``url``.</doc>
<msg timestamp="20241117 18:38:11.292" level="INFO">Opening browser 'chrome' to base url 'None'.</msg>
<status status="PASS" starttime="20241117 18:38:11.292" endtime="20241117 18:38:11.691"/>
</kw>
<status status="PASS" starttime="20241117 18:38:11.291" endtime="20241117 18:38:11.691"/>
</kw>
<test id="s1-t1" name="Login With Correct Credentials" line="8">
<kw name="Reset Application Create User And Go To Login Page" type="SETUP">
<kw name="Reset Application" library="AppLibrary">
<msg timestamp="20241117 18:38:11.694" level="FAIL">ConnectionError: HTTPConnectionPool(host='localhost', port=5001): Max retries exceeded with url: /tests/reset (Caused by NewConnectionError('&lt;urllib3.connection.HTTPConnection object at 0x798c96be9d00&gt;: Failed to establish a new connection: [Errno 111] Connection refused'))</msg>
<status status="FAIL" starttime="20241117 18:38:11.692" endtime="20241117 18:38:11.696"/>
</kw>
<kw name="Create User" library="AppLibrary">
<arg>kalle</arg>
<arg>kalle123</arg>
<status status="NOT RUN" starttime="20241117 18:38:11.697" endtime="20241117 18:38:11.697"/>
</kw>
<kw name="Go To Login Page" library="resource">
<status status="NOT RUN" starttime="20241117 18:38:11.697" endtime="20241117 18:38:11.697"/>
</kw>
<status status="FAIL" starttime="20241117 18:38:11.692" endtime="20241117 18:38:11.697"/>
</kw>
<status status="FAIL" starttime="20241117 18:38:11.691" endtime="20241117 18:38:11.697">Setup failed:
ConnectionError: HTTPConnectionPool(host='localhost', port=5001): Max retries exceeded with url: /tests/reset (Caused by NewConnectionError('&lt;urllib3.connection.HTTPConnection object at 0x798c96be9d00&gt;: Failed to establish a new connection: [Errno 111] Connection refused'))</status>
</test>
<test id="s1-t2" name="Login With Incorrect Password" line="14">
<kw name="Reset Application Create User And Go To Login Page" type="SETUP">
<kw name="Reset Application" library="AppLibrary">
<msg timestamp="20241117 18:38:11.699" level="FAIL">ConnectionError: HTTPConnectionPool(host='localhost', port=5001): Max retries exceeded with url: /tests/reset (Caused by NewConnectionError('&lt;urllib3.connection.HTTPConnection object at 0x798c96beb980&gt;: Failed to establish a new connection: [Errno 111] Connection refused'))</msg>
<status status="FAIL" starttime="20241117 18:38:11.698" endtime="20241117 18:38:11.701"/>
</kw>
<kw name="Create User" library="AppLibrary">
<arg>kalle</arg>
<arg>kalle123</arg>
<status status="NOT RUN" starttime="20241117 18:38:11.702" endtime="20241117 18:38:11.702"/>
</kw>
<kw name="Go To Login Page" library="resource">
<status status="NOT RUN" starttime="20241117 18:38:11.702" endtime="20241117 18:38:11.702"/>
</kw>
<status status="FAIL" starttime="20241117 18:38:11.698" endtime="20241117 18:38:11.702"/>
</kw>
<status status="FAIL" starttime="20241117 18:38:11.698" endtime="20241117 18:38:11.702">Setup failed:
ConnectionError: HTTPConnectionPool(host='localhost', port=5001): Max retries exceeded with url: /tests/reset (Caused by NewConnectionError('&lt;urllib3.connection.HTTPConnection object at 0x798c96beb980&gt;: Failed to establish a new connection: [Errno 111] Connection refused'))</status>
</test>
<test id="s1-t3" name="Login With Nonexistent Username" line="20">
<status status="FAIL" starttime="20241117 18:38:11.702" endtime="20241117 18:38:11.703">Test cannot be empty.</status>
</test>
<kw name="Close Browser" library="SeleniumLibrary" type="TEARDOWN">
<doc>Closes the current browser.</doc>
<status status="PASS" starttime="20241117 18:38:11.703" endtime="20241117 18:38:12.275"/>
</kw>
<status status="FAIL" starttime="20241117 18:38:11.191" endtime="20241117 18:38:12.275"/>
</suite>
<statistics>
<total>
<stat pass="0" fail="3" skip="0">All Tests</stat>
</total>
<tag>
</tag>
<suite>
<stat pass="0" fail="3" skip="0" id="s1" name="Login">Login</stat>
</suite>
</statistics>
<errors>
</errors>
</robot>
